Removed Pin From Net: NetName=NetC14_1 Pin=C14-1
Removed Pin From Net: NetName=NetC15_1 Pin=C15-1
Removed Pin From Net: NetName=NetC40_2 Pin=R33-1
Removed Pin From Net: NetName=NetC41_2 Pin=R33-2
Removed Member From Class: ClassName=U_uC Member=R33
Change Component Designator: OldDesignator=C14 NewDesignator=C16
Change Component Designator: OldDesignator=C15 NewDesignator=C17
Change Component Designator: OldDesignator=C16 NewDesignator=C18
Change Component Designator: OldDesignator=C17 NewDesignator=C19
Change Component Designator: OldDesignator=C18 NewDesignator=C20
Change Component Designator: OldDesignator=C19 NewDesignator=C22
Change Component Designator: OldDesignator=C20 NewDesignator=C24
Change Component Designator: OldDesignator=C21 NewDesignator=C25
Change Component Designator: OldDesignator=C22 NewDesignator=C26
Change Component Designator: OldDesignator=C23 NewDesignator=C27
Change Component Designator: OldDesignator=C24 NewDesignator=C28
Change Component Designator: OldDesignator=C25 NewDesignator=C29
Change Component Designator: OldDesignator=C26 NewDesignator=C30
Change Component Designator: OldDesignator=C27 NewDesignator=C31
Change Component Designator: OldDesignator=C28 NewDesignator=C32
Change Component Designator: OldDesignator=C29 NewDesignator=C33
Change Component Designator: OldDesignator=C30 NewDesignator=C34
Change Component Designator: OldDesignator=C31 NewDesignator=C35
Change Component Designator: OldDesignator=C32 NewDesignator=C36
Change Component Designator: OldDesignator=C33 NewDesignator=C37
Change Component Designator: OldDesignator=C34 NewDesignator=C38
Change Component Designator: OldDesignator=C35 NewDesignator=C39
Change Component Designator: OldDesignator=C36 NewDesignator=C40
Change Component Designator: OldDesignator=C37 NewDesignator=C41
Change Component Designator: OldDesignator=C38 NewDesignator=C42
Change Component Designator: OldDesignator=C39 NewDesignator=C43
Change Component Designator: OldDesignator=C40 NewDesignator=C44
Change Component Designator: OldDesignator=C41 NewDesignator=C45
Change Component Designator: OldDesignator=C42 NewDesignator=C46
Change Component Designator: OldDesignator=C43 NewDesignator=C47
Change Component Designator: OldDesignator=C44 NewDesignator=C48
Change Component Designator: OldDesignator=C45 NewDesignator=C49
Change Component Designator: OldDesignator=C46 NewDesignator=C50
Change Component Designator: OldDesignator=C47 NewDesignator=C51
Change Component Designator: OldDesignator=C48 NewDesignator=C52
Change Component Designator: OldDesignator=C49 NewDesignator=C53
Change Component Designator: OldDesignator=C50 NewDesignator=C54
Change Component Designator: OldDesignator=C51 NewDesignator=C55
Change Component Designator: OldDesignator=C52 NewDesignator=C21
Change Component Designator: OldDesignator=C53 NewDesignator=C23
Change Component Designator: OldDesignator=D13 NewDesignator=D14
Change Component Designator: OldDesignator=D14 NewDesignator=D16
Change Component Designator: OldDesignator=D15 NewDesignator=D17
Change Component Designator: OldDesignator=D16 NewDesignator=D18
Change Component Designator: OldDesignator=D17 NewDesignator=D19
Change Component Designator: OldDesignator=D18 NewDesignator=D20
Change Component Designator: OldDesignator=P1 NewDesignator=P3
Change Component Designator: OldDesignator=P2 NewDesignator=P4
Change Component Designator: OldDesignator=P3 NewDesignator=P8
Change Component Designator: OldDesignator=P4 NewDesignator=P9
Change Component Designator: OldDesignator=P5 NewDesignator=P10
Change Component Designator: OldDesignator=P6 NewDesignator=P11
Change Component Designator: OldDesignator=P7 NewDesignator=P12
Change Component Designator: OldDesignator=P8 NewDesignator=P13
Change Component Designator: OldDesignator=P9 NewDesignator=P14
Change Component Designator: OldDesignator=P10 NewDesignator=P23
Change Component Designator: OldDesignator=P11 NewDesignator=P26
Change Component Designator: OldDesignator=P12 NewDesignator=P1
Change Component Designator: OldDesignator=P13 NewDesignator=P2
Change Component Designator: OldDesignator=P14 NewDesignator=P5
Change Component Designator: OldDesignator=P15 NewDesignator=P6
Change Component Designator: OldDesignator=P16 NewDesignator=P7
Change Component Designator: OldDesignator=P17 NewDesignator=P15
Change Component Designator: OldDesignator=P18 NewDesignator=P16
Change Component Designator: OldDesignator=P19 NewDesignator=P17
Change Component Designator: OldDesignator=P20 NewDesignator=P18
Change Component Designator: OldDesignator=P21 NewDesignator=P19
Change Component Designator: OldDesignator=P22 NewDesignator=P20
Change Component Designator: OldDesignator=P23 NewDesignator=P21
Change Component Designator: OldDesignator=P24 NewDesignator=P22
Change Component Designator: OldDesignator=P25 NewDesignator=P24
Change Component Designator: OldDesignator=P26 NewDesignator=P25
Added Component: Designator=C14(CAP_0402i_1005m -N)
Add component. Clean all parameters for all variants
Add component (AddParameter): Name = "ComponentLink1Description"; Value = ""; VariantName = "[No Variations]"
Add component (AddParameter): Name = "ComponentLink1URL"; Value = ""; VariantName = "[No Variations]"
Add component (AddParameter): Name = "Manufacturer"; Value = ""; VariantName = "[No Variations]"
Add component (AddParameter): Name = "Manufacturer Part Number"; Value = ""; VariantName = "[No Variations]"
Add component (AddParameter): Name = "Note"; Value = ""; VariantName = "[No Variations]"
Add component (AddParameter): Name = "Supplier"; Value = ""; VariantName = "[No Variations]"
Add component (AddParameter): Name = "Supplier Part Number"; Value = ""; VariantName = "[No Variations]"
Add component (AddParameter): Name = "Tolerance"; Value = ""; VariantName = "[No Variations]"
Add component (AddParameter): Name = "Value"; Value = ""; VariantName = "[No Variations]"
Added Component: Designator=C15(CAP_0402i_1005m -N)
Add component. Clean all parameters for all variants
Add component (AddParameter): Name = "ComponentLink1Description"; Value = ""; VariantName = "[No Variations]"
Add component (AddParameter): Name = "ComponentLink1URL"; Value = ""; VariantName = "[No Variations]"
Add component (AddParameter): Name = "Manufacturer"; Value = ""; VariantName = "[No Variations]"
Add component (AddParameter): Name = "Manufacturer Part Number"; Value = ""; VariantName = "[No Variations]"
Add component (AddParameter): Name = "Note"; Value = ""; VariantName = "[No Variations]"
Add component (AddParameter): Name = "Supplier"; Value = ""; VariantName = "[No Variations]"
Add component (AddParameter): Name = "Supplier Part Number"; Value = ""; VariantName = "[No Variations]"
Add component (AddParameter): Name = "Tolerance"; Value = ""; VariantName = "[No Variations]"
Add component (AddParameter): Name = "Value"; Value = ""; VariantName = "[No Variations]"
Added Component: Designator=D13(SOD123)
Add component. Clean all parameters for all variants
Add component (AddParameter): Name = "ComponentLink1Description"; Value = ""; VariantName = "[No Variations]"
Add component (AddParameter): Name = "ComponentLink1URL"; Value = ""; VariantName = "[No Variations]"
Add component (AddParameter): Name = "Manufacturer"; Value = ""; VariantName = "[No Variations]"
Add component (AddParameter): Name = "Manufacturer Part Number"; Value = ""; VariantName = "[No Variations]"
Add component (AddParameter): Name = "Note"; Value = ""; VariantName = "[No Variations]"
Add component (AddParameter): Name = "Supplier"; Value = ""; VariantName = "[No Variations]"
Add component (AddParameter): Name = "Supplier Part Number"; Value = ""; VariantName = "[No Variations]"
Add component (AddParameter): Name = "Value"; Value = ""; VariantName = "[No Variations]"
Added Component: Designator=D15(SOD123)
Add component. Clean all parameters for all variants
Add component (AddParameter): Name = "ComponentLink1Description"; Value = ""; VariantName = "[No Variations]"
Add component (AddParameter): Name = "ComponentLink1URL"; Value = ""; VariantName = "[No Variations]"
Add component (AddParameter): Name = "Manufacturer"; Value = ""; VariantName = "[No Variations]"
Add component (AddParameter): Name = "Manufacturer Part Number"; Value = ""; VariantName = "[No Variations]"
Add component (AddParameter): Name = "Note"; Value = ""; VariantName = "[No Variations]"
Add component (AddParameter): Name = "Supplier"; Value = ""; VariantName = "[No Variations]"
Add component (AddParameter): Name = "Supplier Part Number"; Value = ""; VariantName = "[No Variations]"
Add component (AddParameter): Name = "Value"; Value = ""; VariantName = "[No Variations]"
Added Pin To Net: NetName=GND Pin=C14-1
Added Pin To Net: NetName=NetP2_3 Pin=C14-2
Added Pin To Net: NetName=GND Pin=C15-1
Added Pin To Net: NetName=NetP2_4 Pin=C15-2
Added Pin To Net: NetName=GND Pin=C16-1
Added Pin To Net: NetName=GND Pin=C17-1
Added Pin To Net: NetName=GND Pin=D13-1
Added Pin To Net: NetName=COM_5V Pin=D13-2
Added Pin To Net: NetName=GND Pin=D15-1
Added Pin To Net: NetName=SUPPLY_5V Pin=D15-2
Change Net Name : Old Net Name=NetC14_1 New Net Name=NetR1_2
Change Net Name : Old Net Name=NetC15_1 New Net Name=NetR2_2
Change Net Name : Old Net Name=NetC16_1 New Net Name=NetC18_1
Change Net Name : Old Net Name=NetC16_2 New Net Name=NetC18_2
Change Net Name : Old Net Name=NetC19_1 New Net Name=NetC22_1
Change Net Name : Old Net Name=NetC19_2 New Net Name=NetC22_2
Change Net Name : Old Net Name=NetC26_2 New Net Name=NetC30_2
Change Net Name : Old Net Name=NetC27_2 New Net Name=NetC31_2
Change Net Name : Old Net Name=NetC28_2 New Net Name=NetC32_2
Change Net Name : Old Net Name=NetC29_2 New Net Name=NetC33_2
Change Net Name : Old Net Name=NetC30_2 New Net Name=NetC34_2
Change Net Name : Old Net Name=NetC31_2 New Net Name=NetC35_2
Change Net Name : Old Net Name=NetC32_2 New Net Name=NetC36_2
Change Net Name : Old Net Name=NetC33_2 New Net Name=NetC37_2
Change Net Name : Old Net Name=NetC34_2 New Net Name=NetC38_2
Change Net Name : Old Net Name=NetC36_2 New Net Name=NetC40_2
Change Net Name : Old Net Name=NetC37_2 New Net Name=NetC41_2
Change Net Name : Old Net Name=NetC38_2 New Net Name=NetC42_2
Change Net Name : Old Net Name=NetC39_2 New Net Name=NetC43_2
Change Net Name : Old Net Name=NetC40_2 New Net Name=NetC44_2
Change Net Name : Old Net Name=NetC41_2 New Net Name=NetC45_2
Change Net Name : Old Net Name=NetC52_1 New Net Name=NetC21_1
Change Net Name : Old Net Name=NetD13_2 New Net Name=NetD14_2
Change Net Name : Old Net Name=NetD14_1 New Net Name=NetD16_1
Change Net Name : Old Net Name=NetD15_2 New Net Name=NetD17_2
Change Net Name : Old Net Name=NetD16_2 New Net Name=NetD18_2
Change Net Name : Old Net Name=NetD17_1 New Net Name=NetD19_1
Change Net Name : Old Net Name=NetD17_2 New Net Name=NetD19_2
Change Net Name : Old Net Name=NetD18_1 New Net Name=NetD20_1
Change Net Name : Old Net Name=NetD18_2 New Net Name=NetD20_2
Change Net Name : Old Net Name=NetP1_3 New Net Name=NetP3_3
Change Net Name : Old Net Name=NetP1_4 New Net Name=NetP3_4
Change Net Name : Old Net Name=NetP2_3 New Net Name=NetC14_2
Change Net Name : Old Net Name=NetP2_4 New Net Name=NetC15_2
Change Net Name : Old Net Name=NetP3_1 New Net Name=NetP8_1
Change Net Name : Old Net Name=NetP3_2 New Net Name=NetP8_2
Change Net Name : Old Net Name=NetP5_1 New Net Name=NetP10_1
Change Net Name : Old Net Name=NetP5_2 New Net Name=NetP10_2
Change Net Name : Old Net Name=NetP5_3 New Net Name=NetP10_3
Change Net Name : Old Net Name=NetP5_4 New Net Name=NetP10_4
Change Net Name : Old Net Name=NetP8_2 New Net Name=NetP13_2
Change Net Name : Old Net Name=NetP10_2 New Net Name=NetP23_2
Change Net Name : Old Net Name=NetP10_3 New Net Name=NetP23_3
Change Net Name : Old Net Name=NetP10_6 New Net Name=NetP23_6
Change Net Name : Old Net Name=NetP11_11 New Net Name=NetP26_11
Change Net Name : Old Net Name=NetP11_17 New Net Name=NetP26_17
Change Net Name : Old Net Name=NetP11_19 New Net Name=NetP26_19
Change Net Name : Old Net Name=NetP14_1 New Net Name=NetP5_1
Change Net Name : Old Net Name=NetP14_2 New Net Name=NetP5_2
Change Net Name : Old Net Name=NetP15_1 New Net Name=NetP6_1
Change Net Name : Old Net Name=NetP15_2 New Net Name=NetP6_2
Change Net Name : Old Net Name=NetP16_1 New Net Name=NetP7_1
Change Net Name : Old Net Name=NetP16_2 New Net Name=NetP7_2
Change Net Name : Old Net Name=NetP23_1 New Net Name=NetP21_1
Change Net Name : Old Net Name=NetP23_2 New Net Name=NetP21_2
Added Member To Class: ClassName=U_io Member=Component C14 100nF
Added Member To Class: ClassName=U_io Member=Component C15 100nF
Added Member To Class: ClassName=U_power_supply Member=Component D17 Grün
Added Member To Class: ClassName=U_power_supply Member=Component D18 Grün
